# JRE version: Java(TM) SE Runtime Environment (8.0_221-b11) (build 1.8.0_221-b11)
# Java VM: Java HotSpot(TM) 64-Bit Server VM (25.221-b11 mixed mode windows-amd64 compressed oops)
Heap:
 PSYoungGen      total 295936K, used 35244K [0x00000000d5d80000, 0x00000000ea300000, 0x0000000100000000)
  eden space 270848K, 13% used [0x00000000d5d80000,0x00000000d7feb070,0x00000000e6600000)
  from space 25088K, 0% used [0x00000000e7f00000,0x00000000e7f00000,0x00000000e9780000)
  to   space 25600K, 0% used [0x00000000e6600000,0x00000000e6600000,0x00000000e7f00000)
 ParOldGen       total 104960K, used 31623K [0x0000000081800000, 0x0000000087e80000, 0x00000000d5d80000)
  object space 104960K, 30% used [0x0000000081800000,0x00000000836e1fb8,0x0000000087e80000)
 Metaspace       used 58355K, capacity 58992K, committed 59288K, reserved 1101824K
  class space    used 7420K, capacity 7614K, committed 7680K, reserved 1048576K
GC Heap History (10 events):
Event: 20.509 GC heap before
{Heap before GC invocations=14 (full 2):
 PSYoungGen      total 200192K, used 200175K [0x00000000d5d80000, 0x00000000e6580000, 0x0000000100000000)
  eden space 184320K, 99% used [0x00000000d5d80000,0x00000000e117ed40,0x00000000e1180000)
  from space 15872K, 99% used [0x00000000e1180000,0x00000000e20fd0c8,0x00000000e2100000)
  to   space 18944K, 0% used [0x00000000e5300000,0x00000000e5300000,0x00000000e6580000)
 ParOldGen       total 104960K, used 25386K [0x0000000081800000, 0x0000000087e80000, 0x00000000d5d80000)
  object space 104960K, 24% used [0x0000000081800000,0x00000000830caa60,0x0000000087e80000)
 Metaspace       used 54195K, capacity 54822K, committed 55296K, reserved 1097728K
  class space    used 6952K, capacity 7112K, committed 7168K, reserved 1048576K
Event: 20.551 GC heap after
Heap after GC invocations=14 (full 2):
 PSYoungGen      total 245760K, used 18921K [0x00000000d5d80000, 0x00000000e6600000, 0x0000000100000000)
  eden space 226816K, 0% used [0x00000000d5d80000,0x00000000d5d80000,0x00000000e3b00000)
  from space 18944K, 99% used [0x00000000e5300000,0x00000000e657a6e0,0x00000000e6580000)
  to   space 22016K, 0% used [0x00000000e3b00000,0x00000000e3b00000,0x00000000e5080000)
 ParOldGen       total 104960K, used 26486K [0x0000000081800000, 0x0000000087e80000, 0x00000000d5d80000)
  object space 104960K, 25% used [0x0000000081800000,0x00000000831dd9b8,0x0000000087e80000)
 Metaspace       used 54195K, capacity 54822K, committed 55296K, reserved 1097728K
  class space    used 6952K, capacity 7112K, committed 7168K, reserved 1048576K
}
Event: 132.747 GC heap before
{Heap before GC invocations=15 (full 2):
 PSYoungGen      total 245760K, used 77311K [0x00000000d5d80000, 0x00000000e6600000, 0x0000000100000000)
  eden space 226816K, 25% used [0x00000000d5d80000,0x00000000d9685868,0x00000000e3b00000)
  from space 18944K, 99% used [0x00000000e5300000,0x00000000e657a6e0,0x00000000e6580000)
  to   space 22016K, 0% used [0x00000000e3b00000,0x00000000e3b00000,0x00000000e5080000)
 ParOldGen       total 104960K, used 26486K [0x0000000081800000, 0x0000000087e80000, 0x00000000d5d80000)
  object space 104960K, 25% used [0x0000000081800000,0x00000000831dd9b8,0x0000000087e80000)
 Metaspace       used 58290K, capacity 58846K, committed 59160K, reserved 1101824K
  class space    used 7412K, capacity 7545K, committed 7552K, reserved 1048576K
Event: 132.861 GC heap after
Heap after GC invocations=15 (full 2):
 PSYoungGen      total 248832K, used 21065K [0x00000000d5d80000, 0x00000000e9780000, 0x0000000100000000)
  eden space 226816K, 0% used [0x00000000d5d80000,0x00000000d5d80000,0x00000000e3b00000)
  from space 22016K, 95% used [0x00000000e3b00000,0x00000000e4f926e8,0x00000000e5080000)
  to   space 25088K, 0% used [0x00000000e7f00000,0x00000000e7f00000,0x00000000e9780000)
 ParOldGen       total 104960K, used 26486K [0x0000000081800000, 0x0000000087e80000, 0x00000000d5d80000)
  object space 104960K, 25% used [0x0000000081800000,0x00000000831dd9b8,0x0000000087e80000)
 Metaspace       used 58290K, capacity 58846K, committed 59160K, reserved 1101824K
  class space    used 7412K, capacity 7545K, committed 7552K, reserved 1048576K
}
Event: 132.861 GC heap before
{Heap before GC invocations=16 (full 3):
 PSYoungGen      total 248832K, used 21065K [0x00000000d5d80000, 0x00000000e9780000, 0x0000000100000000)
  eden space 226816K, 0% used [0x00000000d5d80000,0x00000000d5d80000,0x00000000e3b00000)
  from space 22016K, 95% used [0x00000000e3b00000,0x00000000e4f926e8,0x00000000e5080000)
  to   space 25088K, 0% used [0x00000000e7f00000,0x00000000e7f00000,0x00000000e9780000)
 ParOldGen       total 104960K, used 26486K [0x0000000081800000, 0x0000000087e80000, 0x00000000d5d80000)
  object space 104960K, 25% used [0x0000000081800000,0x00000000831dd9b8,0x0000000087e80000)
 Metaspace       used 58290K, capacity 58846K, committed 59160K, reserved 1101824K
  class space    used 7412K, capacity 7545K, committed 7552K, reserved 1048576K
Event: 133.192 GC heap after
Heap after GC invocations=16 (full 3):
 PSYoungGen      total 248832K, used 0K [0x00000000d5d80000, 0x00000000e9780000, 0x0000000100000000)
  eden space 226816K, 0% used [0x00000000d5d80000,0x00000000d5d80000,0x00000000e3b00000)
  from space 22016K, 0% used [0x00000000e3b00000,0x00000000e3b00000,0x00000000e5080000)
  to   space 25088K, 0% used [0x00000000e7f00000,0x00000000e7f00000,0x00000000e9780000)
 ParOldGen       total 104960K, used 35205K [0x0000000081800000, 0x0000000087e80000, 0x00000000d5d80000)
  object space 104960K, 33% used [0x0000000081800000,0x0000000083a61510,0x0000000087e80000)
 Metaspace       used 58290K, capacity 58846K, committed 59160K, reserved 1101824K
  class space    used 7412K, capacity 7545K, committed 7552K, reserved 1048576K
}
Event: 133.215 GC heap before
{Heap before GC invocations=17 (full 3):
 PSYoungGen      total 248832K, used 12366K [0x00000000d5d80000, 0x00000000e9780000, 0x0000000100000000)
  eden space 226816K, 5% used [0x00000000d5d80000,0x00000000d6993a28,0x00000000e3b00000)
  from space 22016K, 0% used [0x00000000e3b00000,0x00000000e3b00000,0x00000000e5080000)
  to   space 25088K, 0% used [0x00000000e7f00000,0x00000000e7f00000,0x00000000e9780000)
 ParOldGen       total 104960K, used 35205K [0x0000000081800000, 0x0000000087e80000, 0x00000000d5d80000)
  object space 104960K, 33% used [0x0000000081800000,0x0000000083a61510,0x0000000087e80000)
 Metaspace       used 58332K, capacity 58922K, committed 59288K, reserved 1101824K
  class space    used 7418K, capacity 7612K, committed 7680K, reserved 1048576K
Event: 133.220 GC heap after
Heap after GC invocations=17 (full 3):
 PSYoungGen      total 295936K, used 96K [0x00000000d5d80000, 0x00000000ea300000, 0x0000000100000000)
  eden space 270848K, 0% used [0x00000000d5d80000,0x00000000d5d80000,0x00000000e6600000)
  from space 25088K, 0% used [0x00000000e7f00000,0x00000000e7f18000,0x00000000e9780000)
  to   space 25600K, 0% used [0x00000000e6600000,0x00000000e6600000,0x00000000e7f00000)
 ParOldGen       total 104960K, used 35213K [0x0000000081800000, 0x0000000087e80000, 0x00000000d5d80000)
  object space 104960K, 33% used [0x0000000081800000,0x0000000083a63510,0x0000000087e80000)
 Metaspace       used 58332K, capacity 58922K, committed 59288K, reserved 1101824K
  class space    used 7418K, capacity 7612K, committed 7680K, reserved 1048576K
}
Event: 133.220 GC heap before
{Heap before GC invocations=18 (full 4):
 PSYoungGen      total 295936K, used 96K [0x00000000d5d80000, 0x00000000ea300000, 0x0000000100000000)
  eden space 270848K, 0% used [0x00000000d5d80000,0x00000000d5d80000,0x00000000e6600000)
  from space 25088K, 0% used [0x00000000e7f00000,0x00000000e7f18000,0x00000000e9780000)
  to   space 25600K, 0% used [0x00000000e6600000,0x00000000e6600000,0x00000000e7f00000)
 ParOldGen       total 104960K, used 35213K [0x0000000081800000, 0x0000000087e80000, 0x00000000d5d80000)
  object space 104960K, 33% used [0x0000000081800000,0x0000000083a63510,0x0000000087e80000)
 Metaspace       used 58332K, capacity 58922K, committed 59288K, reserved 1101824K
  class space    used 7418K, capacity 7612K, committed 7680K, reserved 1048576K
Event: 133.478 GC heap after
Heap after GC invocations=18 (full 4):
 PSYoungGen      total 295936K, used 0K [0x00000000d5d80000, 0x00000000ea300000, 0x0000000100000000)
  eden space 270848K, 0% used [0x00000000d5d80000,0x00000000d5d80000,0x00000000e6600000)
  from space 25088K, 0% used [0x00000000e7f00000,0x00000000e7f00000,0x00000000e9780000)
  to   space 25600K, 0% used [0x00000000e6600000,0x00000000e6600000,0x00000000e7f00000)
 ParOldGen       total 104960K, used 31623K [0x0000000081800000, 0x0000000087e80000, 0x00000000d5d80000)
  object space 104960K, 30% used [0x0000000081800000,0x00000000836e1fb8,0x0000000087e80000)
 Metaspace       used 58332K, capacity 58922K, committed 59288K, reserved 1101824K
  class space    used 7418K, capacity 7612K, committed 7680K, reserved 1048576K
}

