# JRE version: Java(TM) SE Runtime Environment (8.0_221-b11) (build 1.8.0_221-b11)
# Java VM: Java HotSpot(TM) 64-Bit Server VM (25.221-b11 mixed mode windows-amd64 compressed oops)
Heap:
 PSYoungGen      total 180224K, used 84150K [0x00000000d5d80000, 0x00000000e1f80000, 0x0000000100000000)
  eden space 167424K, 50% used [0x00000000d5d80000,0x00000000dafad830,0x00000000e0100000)
  from space 12800K, 0% used [0x00000000e0f00000,0x00000000e0f00000,0x00000000e1b80000)
  to   space 14336K, 0% used [0x00000000e0100000,0x00000000e0100000,0x00000000e0f00000)
 ParOldGen       total 66048K, used 22824K [0x0000000081800000, 0x0000000085880000, 0x00000000d5d80000)
  object space 66048K, 34% used [0x0000000081800000,0x0000000082e4a350,0x0000000085880000)
 Metaspace       used 44704K, capacity 45172K, committed 45564K, reserved 1089536K
  class space    used 5753K, capacity 5871K, committed 5888K, reserved 1048576K
GC Heap History (10 events):
Event: 3.776 GC heap before
{Heap before GC invocations=8 (full 1):
 PSYoungGen      total 143872K, used 133120K [0x00000000d5d80000, 0x00000000df580000, 0x0000000100000000)
  eden space 133120K, 100% used [0x00000000d5d80000,0x00000000ddf80000,0x00000000ddf80000)
  from space 10752K, 0% used [0x00000000deb00000,0x00000000deb00000,0x00000000df580000)
  to   space 11264K, 0% used [0x00000000ddf80000,0x00000000ddf80000,0x00000000dea80000)
 ParOldGen       total 66048K, used 11979K [0x0000000081800000, 0x0000000085880000, 0x00000000d5d80000)
  object space 66048K, 18% used [0x0000000081800000,0x00000000823b2d98,0x0000000085880000)
 Metaspace       used 22155K, capacity 22434K, committed 22524K, reserved 1069056K
  class space    used 2720K, capacity 2798K, committed 2816K, reserved 1048576K
Event: 3.786 GC heap after
Heap after GC invocations=8 (full 1):
 PSYoungGen      total 144384K, used 8233K [0x00000000d5d80000, 0x00000000df580000, 0x0000000100000000)
  eden space 133120K, 0% used [0x00000000d5d80000,0x00000000d5d80000,0x00000000ddf80000)
  from space 11264K, 73% used [0x00000000ddf80000,0x00000000de78a758,0x00000000dea80000)
  to   space 10752K, 0% used [0x00000000deb00000,0x00000000deb00000,0x00000000df580000)
 ParOldGen       total 66048K, used 11987K [0x0000000081800000, 0x0000000085880000, 0x00000000d5d80000)
  object space 66048K, 18% used [0x0000000081800000,0x00000000823b4d98,0x0000000085880000)
 Metaspace       used 22155K, capacity 22434K, committed 22524K, reserved 1069056K
  class space    used 2720K, capacity 2798K, committed 2816K, reserved 1048576K
}
Event: 5.416 GC heap before
{Heap before GC invocations=9 (full 1):
 PSYoungGen      total 144384K, used 141353K [0x00000000d5d80000, 0x00000000df580000, 0x0000000100000000)
  eden space 133120K, 100% used [0x00000000d5d80000,0x00000000ddf80000,0x00000000ddf80000)
  from space 11264K, 73% used [0x00000000ddf80000,0x00000000de78a758,0x00000000dea80000)
  to   space 10752K, 0% used [0x00000000deb00000,0x00000000deb00000,0x00000000df580000)
 ParOldGen       total 66048K, used 11987K [0x0000000081800000, 0x0000000085880000, 0x00000000d5d80000)
  object space 66048K, 18% used [0x0000000081800000,0x00000000823b4d98,0x0000000085880000)
 Metaspace       used 26724K, capacity 27120K, committed 27260K, reserved 1073152K
  class space    used 3340K, capacity 3426K, committed 3456K, reserved 1048576K
Event: 5.425 GC heap after
Heap after GC invocations=9 (full 1):
 PSYoungGen      total 143872K, used 9284K [0x00000000d5d80000, 0x00000000e3380000, 0x0000000100000000)
  eden space 133120K, 0% used [0x00000000d5d80000,0x00000000d5d80000,0x00000000ddf80000)
  from space 10752K, 86% used [0x00000000deb00000,0x00000000df411218,0x00000000df580000)
  to   space 11776K, 0% used [0x00000000ddf80000,0x00000000ddf80000,0x00000000deb00000)
 ParOldGen       total 66048K, used 11995K [0x0000000081800000, 0x0000000085880000, 0x00000000d5d80000)
  object space 66048K, 18% used [0x0000000081800000,0x00000000823b6d98,0x0000000085880000)
 Metaspace       used 26724K, capacity 27120K, committed 27260K, reserved 1073152K
  class space    used 3340K, capacity 3426K, committed 3456K, reserved 1048576K
}
Event: 6.648 GC heap before
{Heap before GC invocations=10 (full 1):
 PSYoungGen      total 143872K, used 142404K [0x00000000d5d80000, 0x00000000e3380000, 0x0000000100000000)
  eden space 133120K, 100% used [0x00000000d5d80000,0x00000000ddf80000,0x00000000ddf80000)
  from space 10752K, 86% used [0x00000000deb00000,0x00000000df411218,0x00000000df580000)
  to   space 11776K, 0% used [0x00000000ddf80000,0x00000000ddf80000,0x00000000deb00000)
 ParOldGen       total 66048K, used 11995K [0x0000000081800000, 0x0000000085880000, 0x00000000d5d80000)
  object space 66048K, 18% used [0x0000000081800000,0x00000000823b6d98,0x0000000085880000)
 Metaspace       used 31558K, capacity 31926K, committed 32252K, reserved 1077248K
  class space    used 3929K, capacity 4003K, committed 4096K, reserved 1048576K
Event: 6.662 GC heap after
Heap after GC invocations=10 (full 1):
 PSYoungGen      total 144896K, used 11302K [0x00000000d5d80000, 0x00000000e1b80000, 0x0000000100000000)
  eden space 133120K, 0% used [0x00000000d5d80000,0x00000000d5d80000,0x00000000ddf80000)
  from space 11776K, 95% used [0x00000000ddf80000,0x00000000dea89b88,0x00000000deb00000)
  to   space 12800K, 0% used [0x00000000e0f00000,0x00000000e0f00000,0x00000000e1b80000)
 ParOldGen       total 66048K, used 12003K [0x0000000081800000, 0x0000000085880000, 0x00000000d5d80000)
  object space 66048K, 18% used [0x0000000081800000,0x00000000823b8d98,0x0000000085880000)
 Metaspace       used 31558K, capacity 31926K, committed 32252K, reserved 1077248K
  class space    used 3929K, capacity 4003K, committed 4096K, reserved 1048576K
}
Event: 7.720 GC heap before
{Heap before GC invocations=11 (full 1):
 PSYoungGen      total 144896K, used 77120K [0x00000000d5d80000, 0x00000000e1b80000, 0x0000000100000000)
  eden space 133120K, 49% used [0x00000000d5d80000,0x00000000d9dc67a0,0x00000000ddf80000)
  from space 11776K, 95% used [0x00000000ddf80000,0x00000000dea89b88,0x00000000deb00000)
  to   space 12800K, 0% used [0x00000000e0f00000,0x00000000e0f00000,0x00000000e1b80000)
 ParOldGen       total 66048K, used 12003K [0x0000000081800000, 0x0000000085880000, 0x00000000d5d80000)
  object space 66048K, 18% used [0x0000000081800000,0x00000000823b8d98,0x0000000085880000)
 Metaspace       used 35365K, capacity 35764K, committed 36048K, reserved 1081344K
  class space    used 4517K, capacity 4616K, committed 4736K, reserved 1048576K
Event: 7.740 GC heap after
Heap after GC invocations=11 (full 1):
 PSYoungGen      total 180224K, used 12793K [0x00000000d5d80000, 0x00000000e1f80000, 0x0000000100000000)
  eden space 167424K, 0% used [0x00000000d5d80000,0x00000000d5d80000,0x00000000e0100000)
  from space 12800K, 99% used [0x00000000e0f00000,0x00000000e1b7e6e0,0x00000000e1b80000)
  to   space 14336K, 0% used [0x00000000e0100000,0x00000000e0100000,0x00000000e0f00000)
 ParOldGen       total 66048K, used 12222K [0x0000000081800000, 0x0000000085880000, 0x00000000d5d80000)
  object space 66048K, 18% used [0x0000000081800000,0x00000000823efb68,0x0000000085880000)
 Metaspace       used 35365K, capacity 35764K, committed 36048K, reserved 1081344K
  class space    used 4517K, capacity 4616K, committed 4736K, reserved 1048576K
}
Event: 7.740 GC heap before
{Heap before GC invocations=12 (full 2):
 PSYoungGen      total 180224K, used 12793K [0x00000000d5d80000, 0x00000000e1f80000, 0x0000000100000000)
  eden space 167424K, 0% used [0x00000000d5d80000,0x00000000d5d80000,0x00000000e0100000)
  from space 12800K, 99% used [0x00000000e0f00000,0x00000000e1b7e6e0,0x00000000e1b80000)
  to   space 14336K, 0% used [0x00000000e0100000,0x00000000e0100000,0x00000000e0f00000)
 ParOldGen       total 66048K, used 12222K [0x0000000081800000, 0x0000000085880000, 0x00000000d5d80000)
  object space 66048K, 18% used [0x0000000081800000,0x00000000823efb68,0x0000000085880000)
 Metaspace       used 35365K, capacity 35764K, committed 36048K, reserved 1081344K
  class space    used 4517K, capacity 4616K, committed 4736K, reserved 1048576K
Event: 7.882 GC heap after
Heap after GC invocations=12 (full 2):
 PSYoungGen      total 180224K, used 0K [0x00000000d5d80000, 0x00000000e1f80000, 0x0000000100000000)
  eden space 167424K, 0% used [0x00000000d5d80000,0x00000000d5d80000,0x00000000e0100000)
  from space 12800K, 0% used [0x00000000e0f00000,0x00000000e0f00000,0x00000000e1b80000)
  to   space 14336K, 0% used [0x00000000e0100000,0x00000000e0100000,0x00000000e0f00000)
 ParOldGen       total 66048K, used 22824K [0x0000000081800000, 0x0000000085880000, 0x00000000d5d80000)
  object space 66048K, 34% used [0x0000000081800000,0x0000000082e4a350,0x0000000085880000)
 Metaspace       used 35365K, capacity 35764K, committed 36048K, reserved 1081344K
  class space    used 4517K, capacity 4616K, committed 4736K, reserved 1048576K
}

