# JRE version: Java(TM) SE Runtime Environment (8.0_221-b11) (build 1.8.0_221-b11)
# Java VM: Java HotSpot(TM) 64-Bit Server VM (25.221-b11 mixed mode windows-amd64 compressed oops)
Heap:
 PSYoungGen      total 205312K, used 157173K [0x00000000d5d80000, 0x00000000e3600000, 0x0000000100000000)
  eden space 194048K, 80% used [0x00000000d5d80000,0x00000000df6fd6e8,0x00000000e1b00000)
  from space 11264K, 0% used [0x00000000e2b00000,0x00000000e2b00000,0x00000000e3600000)
  to   space 13824K, 0% used [0x00000000e1b00000,0x00000000e1b00000,0x00000000e2880000)
 ParOldGen       total 70144K, used 21973K [0x0000000081800000, 0x0000000085c80000, 0x00000000d5d80000)
  object space 70144K, 31% used [0x0000000081800000,0x0000000082d75588,0x0000000085c80000)
 Metaspace       used 48090K, capacity 48602K, committed 48896K, reserved 1091584K
  class space    used 6205K, capacity 6336K, committed 6400K, reserved 1048576K
GC Heap History (10 events):
Event: 3.766 GC heap before
{Heap before GC invocations=6 (full 1):
 PSYoungGen      total 138240K, used 133120K [0x00000000d5d80000, 0x00000000de980000, 0x0000000100000000)
  eden space 133120K, 100% used [0x00000000d5d80000,0x00000000ddf80000,0x00000000ddf80000)
  from space 5120K, 0% used [0x00000000de480000,0x00000000de480000,0x00000000de980000)
  to   space 5120K, 0% used [0x00000000ddf80000,0x00000000ddf80000,0x00000000de480000)
 ParOldGen       total 70144K, used 11679K [0x0000000081800000, 0x0000000085c80000, 0x00000000d5d80000)
  object space 70144K, 16% used [0x0000000081800000,0x0000000082367ff0,0x0000000085c80000)
 Metaspace       used 22120K, capacity 22434K, committed 22704K, reserved 1069056K
  class space    used 2709K, capacity 2798K, committed 2816K, reserved 1048576K
Event: 3.791 GC heap after
Heap after GC invocations=6 (full 1):
 PSYoungGen      total 138240K, used 5089K [0x00000000d5d80000, 0x00000000e3700000, 0x0000000100000000)
  eden space 133120K, 0% used [0x00000000d5d80000,0x00000000d5d80000,0x00000000ddf80000)
  from space 5120K, 99% used [0x00000000ddf80000,0x00000000de478708,0x00000000de480000)
  to   space 12288K, 0% used [0x00000000e2b00000,0x00000000e2b00000,0x00000000e3700000)
 ParOldGen       total 70144K, used 13097K [0x0000000081800000, 0x0000000085c80000, 0x00000000d5d80000)
  object space 70144K, 18% used [0x0000000081800000,0x00000000824ca4e0,0x0000000085c80000)
 Metaspace       used 22120K, capacity 22434K, committed 22704K, reserved 1069056K
  class space    used 2709K, capacity 2798K, committed 2816K, reserved 1048576K
}
Event: 5.310 GC heap before
{Heap before GC invocations=7 (full 1):
 PSYoungGen      total 138240K, used 138209K [0x00000000d5d80000, 0x00000000e3700000, 0x0000000100000000)
  eden space 133120K, 100% used [0x00000000d5d80000,0x00000000ddf80000,0x00000000ddf80000)
  from space 5120K, 99% used [0x00000000ddf80000,0x00000000de478708,0x00000000de480000)
  to   space 12288K, 0% used [0x00000000e2b00000,0x00000000e2b00000,0x00000000e3700000)
 ParOldGen       total 70144K, used 13097K [0x0000000081800000, 0x0000000085c80000, 0x00000000d5d80000)
  object space 70144K, 18% used [0x0000000081800000,0x00000000824ca4e0,0x0000000085c80000)
 Metaspace       used 25589K, capacity 25990K, committed 26112K, reserved 1073152K
  class space    used 3181K, capacity 3291K, committed 3328K, reserved 1048576K
Event: 5.325 GC heap after
Heap after GC invocations=7 (full 1):
 PSYoungGen      total 205312K, used 11079K [0x00000000d5d80000, 0x00000000e3600000, 0x0000000100000000)
  eden space 194048K, 0% used [0x00000000d5d80000,0x00000000d5d80000,0x00000000e1b00000)
  from space 11264K, 98% used [0x00000000e2b00000,0x00000000e35d1e70,0x00000000e3600000)
  to   space 13824K, 0% used [0x00000000e1b00000,0x00000000e1b00000,0x00000000e2880000)
 ParOldGen       total 70144K, used 13105K [0x0000000081800000, 0x0000000085c80000, 0x00000000d5d80000)
  object space 70144K, 18% used [0x0000000081800000,0x00000000824cc4e0,0x0000000085c80000)
 Metaspace       used 25589K, capacity 25990K, committed 26112K, reserved 1073152K
  class space    used 3181K, capacity 3291K, committed 3328K, reserved 1048576K
}
Event: 7.188 GC heap before
{Heap before GC invocations=8 (full 1):
 PSYoungGen      total 205312K, used 205127K [0x00000000d5d80000, 0x00000000e3600000, 0x0000000100000000)
  eden space 194048K, 100% used [0x00000000d5d80000,0x00000000e1b00000,0x00000000e1b00000)
  from space 11264K, 98% used [0x00000000e2b00000,0x00000000e35d1e70,0x00000000e3600000)
  to   space 13824K, 0% used [0x00000000e1b00000,0x00000000e1b00000,0x00000000e2880000)
 ParOldGen       total 70144K, used 13105K [0x0000000081800000, 0x0000000085c80000, 0x00000000d5d80000)
  object space 70144K, 18% used [0x0000000081800000,0x00000000824cc4e0,0x0000000085c80000)
 Metaspace       used 32073K, capacity 32488K, committed 32896K, reserved 1077248K
  class space    used 3997K, capacity 4102K, committed 4224K, reserved 1048576K
Event: 7.206 GC heap after
Heap after GC invocations=8 (full 1):
 PSYoungGen      total 207872K, used 13796K [0x00000000d5d80000, 0x00000000e3600000, 0x0000000100000000)
  eden space 194048K, 0% used [0x00000000d5d80000,0x00000000d5d80000,0x00000000e1b00000)
  from space 13824K, 99% used [0x00000000e1b00000,0x00000000e28792e0,0x00000000e2880000)
  to   space 11264K, 0% used [0x00000000e2b00000,0x00000000e2b00000,0x00000000e3600000)
 ParOldGen       total 70144K, used 13501K [0x0000000081800000, 0x0000000085c80000, 0x00000000d5d80000)
  object space 70144K, 19% used [0x0000000081800000,0x000000008252f4e8,0x0000000085c80000)
 Metaspace       used 32073K, capacity 32488K, committed 32896K, reserved 1077248K
  class space    used 3997K, capacity 4102K, committed 4224K, reserved 1048576K
}
Event: 7.769 GC heap before
{Heap before GC invocations=9 (full 1):
 PSYoungGen      total 207872K, used 55498K [0x00000000d5d80000, 0x00000000e3600000, 0x0000000100000000)
  eden space 194048K, 21% used [0x00000000d5d80000,0x00000000d8639888,0x00000000e1b00000)
  from space 13824K, 99% used [0x00000000e1b00000,0x00000000e28792e0,0x00000000e2880000)
  to   space 11264K, 0% used [0x00000000e2b00000,0x00000000e2b00000,0x00000000e3600000)
 ParOldGen       total 70144K, used 13501K [0x0000000081800000, 0x0000000085c80000, 0x00000000d5d80000)
  object space 70144K, 19% used [0x0000000081800000,0x000000008252f4e8,0x0000000085c80000)
 Metaspace       used 34793K, capacity 35220K, committed 35496K, reserved 1081344K
  class space    used 4411K, capacity 4520K, committed 4608K, reserved 1048576K
Event: 7.795 GC heap after
Heap after GC invocations=9 (full 1):
 PSYoungGen      total 205312K, used 11237K [0x00000000d5d80000, 0x00000000e3600000, 0x0000000100000000)
  eden space 194048K, 0% used [0x00000000d5d80000,0x00000000d5d80000,0x00000000e1b00000)
  from space 11264K, 99% used [0x00000000e2b00000,0x00000000e35f9670,0x00000000e3600000)
  to   space 13824K, 0% used [0x00000000e1b00000,0x00000000e1b00000,0x00000000e2880000)
 ParOldGen       total 70144K, used 14603K [0x0000000081800000, 0x0000000085c80000, 0x00000000d5d80000)
  object space 70144K, 20% used [0x0000000081800000,0x0000000082642cc8,0x0000000085c80000)
 Metaspace       used 34793K, capacity 35220K, committed 35496K, reserved 1081344K
  class space    used 4411K, capacity 4520K, committed 4608K, reserved 1048576K
}
Event: 7.795 GC heap before
{Heap before GC invocations=10 (full 2):
 PSYoungGen      total 205312K, used 11237K [0x00000000d5d80000, 0x00000000e3600000, 0x0000000100000000)
  eden space 194048K, 0% used [0x00000000d5d80000,0x00000000d5d80000,0x00000000e1b00000)
  from space 11264K, 99% used [0x00000000e2b00000,0x00000000e35f9670,0x00000000e3600000)
  to   space 13824K, 0% used [0x00000000e1b00000,0x00000000e1b00000,0x00000000e2880000)
 ParOldGen       total 70144K, used 14603K [0x0000000081800000, 0x0000000085c80000, 0x00000000d5d80000)
  object space 70144K, 20% used [0x0000000081800000,0x0000000082642cc8,0x0000000085c80000)
 Metaspace       used 34793K, capacity 35220K, committed 35496K, reserved 1081344K
  class space    used 4411K, capacity 4520K, committed 4608K, reserved 1048576K
Event: 7.934 GC heap after
Heap after GC invocations=10 (full 2):
 PSYoungGen      total 205312K, used 0K [0x00000000d5d80000, 0x00000000e3600000, 0x0000000100000000)
  eden space 194048K, 0% used [0x00000000d5d80000,0x00000000d5d80000,0x00000000e1b00000)
  from space 11264K, 0% used [0x00000000e2b00000,0x00000000e2b00000,0x00000000e3600000)
  to   space 13824K, 0% used [0x00000000e1b00000,0x00000000e1b00000,0x00000000e2880000)
 ParOldGen       total 70144K, used 21973K [0x0000000081800000, 0x0000000085c80000, 0x00000000d5d80000)
  object space 70144K, 31% used [0x0000000081800000,0x0000000082d75588,0x0000000085c80000)
 Metaspace       used 34793K, capacity 35220K, committed 35496K, reserved 1081344K
  class space    used 4411K, capacity 4520K, committed 4608K, reserved 1048576K
}

