# JRE version: Java(TM) SE Runtime Environment (8.0_221-b11) (build 1.8.0_221-b11)
# Java VM: Java HotSpot(TM) 64-Bit Server VM (25.221-b11 mixed mode windows-amd64 compressed oops)
Heap:
 PSYoungGen      total 201728K, used 108556K [0x00000000d5d80000, 0x00000000e3180000, 0x0000000100000000)
  eden space 189440K, 57% used [0x00000000d5d80000,0x00000000dc783290,0x00000000e1680000)
  from space 12288K, 0% used [0x00000000e2400000,0x00000000e2400000,0x00000000e3000000)
  to   space 13824K, 0% used [0x00000000e1680000,0x00000000e1680000,0x00000000e2400000)
 ParOldGen       total 70144K, used 21992K [0x0000000081800000, 0x0000000085c80000, 0x00000000d5d80000)
  object space 70144K, 31% used [0x0000000081800000,0x0000000082d7a220,0x0000000085c80000)
 Metaspace       used 47084K, capacity 47586K, committed 48000K, reserved 1091584K
  class space    used 6076K, capacity 6236K, committed 6272K, reserved 1048576K
GC Heap History (10 events):
Event: 3.692 GC heap before
{Heap before GC invocations=6 (full 1):
 PSYoungGen      total 138240K, used 133120K [0x00000000d5d80000, 0x00000000de980000, 0x0000000100000000)
  eden space 133120K, 100% used [0x00000000d5d80000,0x00000000ddf80000,0x00000000ddf80000)
  from space 5120K, 0% used [0x00000000de480000,0x00000000de480000,0x00000000de980000)
  to   space 5120K, 0% used [0x00000000ddf80000,0x00000000ddf80000,0x00000000de480000)
 ParOldGen       total 70144K, used 11690K [0x0000000081800000, 0x0000000085c80000, 0x00000000d5d80000)
  object space 70144K, 16% used [0x0000000081800000,0x000000008236ab68,0x0000000085c80000)
 Metaspace       used 22113K, capacity 22434K, committed 22704K, reserved 1069056K
  class space    used 2709K, capacity 2798K, committed 2816K, reserved 1048576K
Event: 3.703 GC heap after
Heap after GC invocations=6 (full 1):
 PSYoungGen      total 138240K, used 5105K [0x00000000d5d80000, 0x00000000e3000000, 0x0000000100000000)
  eden space 133120K, 0% used [0x00000000d5d80000,0x00000000d5d80000,0x00000000ddf80000)
  from space 5120K, 99% used [0x00000000ddf80000,0x00000000de47c5a8,0x00000000de480000)
  to   space 12288K, 0% used [0x00000000e2400000,0x00000000e2400000,0x00000000e3000000)
 ParOldGen       total 70144K, used 13268K [0x0000000081800000, 0x0000000085c80000, 0x00000000d5d80000)
  object space 70144K, 18% used [0x0000000081800000,0x00000000824f50f0,0x0000000085c80000)
 Metaspace       used 22113K, capacity 22434K, committed 22704K, reserved 1069056K
  class space    used 2709K, capacity 2798K, committed 2816K, reserved 1048576K
}
Event: 5.303 GC heap before
{Heap before GC invocations=7 (full 1):
 PSYoungGen      total 138240K, used 138225K [0x00000000d5d80000, 0x00000000e3000000, 0x0000000100000000)
  eden space 133120K, 100% used [0x00000000d5d80000,0x00000000ddf80000,0x00000000ddf80000)
  from space 5120K, 99% used [0x00000000ddf80000,0x00000000de47c5a8,0x00000000de480000)
  to   space 12288K, 0% used [0x00000000e2400000,0x00000000e2400000,0x00000000e3000000)
 ParOldGen       total 70144K, used 13268K [0x0000000081800000, 0x0000000085c80000, 0x00000000d5d80000)
  object space 70144K, 18% used [0x0000000081800000,0x00000000824f50f0,0x0000000085c80000)
 Metaspace       used 25602K, capacity 26054K, committed 26368K, reserved 1073152K
  class space    used 3183K, capacity 3291K, committed 3328K, reserved 1048576K
Event: 5.322 GC heap after
Heap after GC invocations=7 (full 1):
 PSYoungGen      total 201728K, used 10952K [0x00000000d5d80000, 0x00000000e3180000, 0x0000000100000000)
  eden space 189440K, 0% used [0x00000000d5d80000,0x00000000d5d80000,0x00000000e1680000)
  from space 12288K, 89% used [0x00000000e2400000,0x00000000e2eb2180,0x00000000e3000000)
  to   space 13824K, 0% used [0x00000000e1680000,0x00000000e1680000,0x00000000e2400000)
 ParOldGen       total 70144K, used 13276K [0x0000000081800000, 0x0000000085c80000, 0x00000000d5d80000)
  object space 70144K, 18% used [0x0000000081800000,0x00000000824f70f0,0x0000000085c80000)
 Metaspace       used 25602K, capacity 26054K, committed 26368K, reserved 1073152K
  class space    used 3183K, capacity 3291K, committed 3328K, reserved 1048576K
}
Event: 7.299 GC heap before
{Heap before GC invocations=8 (full 1):
 PSYoungGen      total 201728K, used 200392K [0x00000000d5d80000, 0x00000000e3180000, 0x0000000100000000)
  eden space 189440K, 100% used [0x00000000d5d80000,0x00000000e1680000,0x00000000e1680000)
  from space 12288K, 89% used [0x00000000e2400000,0x00000000e2eb2180,0x00000000e3000000)
  to   space 13824K, 0% used [0x00000000e1680000,0x00000000e1680000,0x00000000e2400000)
 ParOldGen       total 70144K, used 13276K [0x0000000081800000, 0x0000000085c80000, 0x00000000d5d80000)
  object space 70144K, 18% used [0x0000000081800000,0x00000000824f70f0,0x0000000085c80000)
 Metaspace       used 32048K, capacity 32488K, committed 32896K, reserved 1077248K
  class space    used 3989K, capacity 4102K, committed 4224K, reserved 1048576K
Event: 7.318 GC heap after
Heap after GC invocations=8 (full 1):
 PSYoungGen      total 203264K, used 13382K [0x00000000d5d80000, 0x00000000e3180000, 0x0000000100000000)
  eden space 189440K, 0% used [0x00000000d5d80000,0x00000000d5d80000,0x00000000e1680000)
  from space 13824K, 96% used [0x00000000e1680000,0x00000000e2391a60,0x00000000e2400000)
  to   space 12288K, 0% used [0x00000000e2400000,0x00000000e2400000,0x00000000e3000000)
 ParOldGen       total 70144K, used 13284K [0x0000000081800000, 0x0000000085c80000, 0x00000000d5d80000)
  object space 70144K, 18% used [0x0000000081800000,0x00000000824f90f0,0x0000000085c80000)
 Metaspace       used 32048K, capacity 32488K, committed 32896K, reserved 1077248K
  class space    used 3989K, capacity 4102K, committed 4224K, reserved 1048576K
}
Event: 7.846 GC heap before
{Heap before GC invocations=9 (full 1):
 PSYoungGen      total 203264K, used 59808K [0x00000000d5d80000, 0x00000000e3180000, 0x0000000100000000)
  eden space 189440K, 24% used [0x00000000d5d80000,0x00000000d8ad67f0,0x00000000e1680000)
  from space 13824K, 96% used [0x00000000e1680000,0x00000000e2391a60,0x00000000e2400000)
  to   space 12288K, 0% used [0x00000000e2400000,0x00000000e2400000,0x00000000e3000000)
 ParOldGen       total 70144K, used 13284K [0x0000000081800000, 0x0000000085c80000, 0x00000000d5d80000)
  object space 70144K, 18% used [0x0000000081800000,0x00000000824f90f0,0x0000000085c80000)
 Metaspace       used 34795K, capacity 35220K, committed 35496K, reserved 1081344K
  class space    used 4410K, capacity 4520K, committed 4608K, reserved 1048576K
Event: 7.868 GC heap after
Heap after GC invocations=9 (full 1):
 PSYoungGen      total 201728K, used 12277K [0x00000000d5d80000, 0x00000000e3180000, 0x0000000100000000)
  eden space 189440K, 0% used [0x00000000d5d80000,0x00000000d5d80000,0x00000000e1680000)
  from space 12288K, 99% used [0x00000000e2400000,0x00000000e2ffd578,0x00000000e3000000)
  to   space 13824K, 0% used [0x00000000e1680000,0x00000000e1680000,0x00000000e2400000)
 ParOldGen       total 70144K, used 13370K [0x0000000081800000, 0x0000000085c80000, 0x00000000d5d80000)
  object space 70144K, 19% used [0x0000000081800000,0x000000008250eae8,0x0000000085c80000)
 Metaspace       used 34795K, capacity 35220K, committed 35496K, reserved 1081344K
  class space    used 4410K, capacity 4520K, committed 4608K, reserved 1048576K
}
Event: 7.868 GC heap before
{Heap before GC invocations=10 (full 2):
 PSYoungGen      total 201728K, used 12277K [0x00000000d5d80000, 0x00000000e3180000, 0x0000000100000000)
  eden space 189440K, 0% used [0x00000000d5d80000,0x00000000d5d80000,0x00000000e1680000)
  from space 12288K, 99% used [0x00000000e2400000,0x00000000e2ffd578,0x00000000e3000000)
  to   space 13824K, 0% used [0x00000000e1680000,0x00000000e1680000,0x00000000e2400000)
 ParOldGen       total 70144K, used 13370K [0x0000000081800000, 0x0000000085c80000, 0x00000000d5d80000)
  object space 70144K, 19% used [0x0000000081800000,0x000000008250eae8,0x0000000085c80000)
 Metaspace       used 34795K, capacity 35220K, committed 35496K, reserved 1081344K
  class space    used 4410K, capacity 4520K, committed 4608K, reserved 1048576K
Event: 8.017 GC heap after
Heap after GC invocations=10 (full 2):
 PSYoungGen      total 201728K, used 0K [0x00000000d5d80000, 0x00000000e3180000, 0x0000000100000000)
  eden space 189440K, 0% used [0x00000000d5d80000,0x00000000d5d80000,0x00000000e1680000)
  from space 12288K, 0% used [0x00000000e2400000,0x00000000e2400000,0x00000000e3000000)
  to   space 13824K, 0% used [0x00000000e1680000,0x00000000e1680000,0x00000000e2400000)
 ParOldGen       total 70144K, used 21992K [0x0000000081800000, 0x0000000085c80000, 0x00000000d5d80000)
  object space 70144K, 31% used [0x0000000081800000,0x0000000082d7a220,0x0000000085c80000)
 Metaspace       used 34795K, capacity 35220K, committed 35496K, reserved 1081344K
  class space    used 4410K, capacity 4520K, committed 4608K, reserved 1048576K
}

