# JRE version: Java(TM) SE Runtime Environment (8.0_221-b11) (build 1.8.0_221-b11)
# Java VM: Java HotSpot(TM) 64-Bit Server VM (25.221-b11 mixed mode windows-amd64 compressed oops)
Heap:
 PSYoungGen      total 205824K, used 18308K [0x00000000d5d80000, 0x00000000e6600000, 0x0000000100000000)
  eden space 194048K, 3% used [0x00000000d5d80000,0x00000000d63e7920,0x00000000e1b00000)
  from space 11776K, 99% used [0x00000000e1b00000,0x00000000e26799b0,0x00000000e2680000)
  to   space 14848K, 0% used [0x00000000e5780000,0x00000000e5780000,0x00000000e6600000)
 ParOldGen       total 66048K, used 14627K [0x0000000081800000, 0x0000000085880000, 0x00000000d5d80000)
  object space 66048K, 22% used [0x0000000081800000,0x0000000082648c98,0x0000000085880000)
 Metaspace       used 35367K, capacity 35764K, committed 36048K, reserved 1081344K
  class space    used 4521K, capacity 4616K, committed 4736K, reserved 1048576K
GC Heap History (10 events):
Event: 2.241 GC heap before
{Heap before GC invocations=6 (full 0):
 PSYoungGen      total 71680K, used 46926K [0x00000000d5d80000, 0x00000000df680000, 0x0000000100000000)
  eden space 66560K, 62% used [0x00000000d5d80000,0x00000000d86572e0,0x00000000d9e80000)
  from space 5120K, 99% used [0x00000000d9e80000,0x00000000da37c910,0x00000000da380000)
  to   space 11776K, 0% used [0x00000000deb00000,0x00000000deb00000,0x00000000df680000)
 ParOldGen       total 87552K, used 10797K [0x0000000081800000, 0x0000000086d80000, 0x00000000d5d80000)
  object space 87552K, 12% used [0x0000000081800000,0x000000008228b638,0x0000000086d80000)
 Metaspace       used 21258K, capacity 21526K, committed 21628K, reserved 1069056K
  class space    used 2591K, capacity 2668K, committed 2688K, reserved 1048576K
Event: 2.249 GC heap after
Heap after GC invocations=6 (full 0):
 PSYoungGen      total 143872K, used 6154K [0x00000000d5d80000, 0x00000000df580000, 0x0000000100000000)
  eden space 133120K, 0% used [0x00000000d5d80000,0x00000000d5d80000,0x00000000ddf80000)
  from space 10752K, 57% used [0x00000000deb00000,0x00000000df102980,0x00000000df580000)
  to   space 11264K, 0% used [0x00000000ddf80000,0x00000000ddf80000,0x00000000dea80000)
 ParOldGen       total 87552K, used 10805K [0x0000000081800000, 0x0000000086d80000, 0x00000000d5d80000)
  object space 87552K, 12% used [0x0000000081800000,0x000000008228d638,0x0000000086d80000)
 Metaspace       used 21258K, capacity 21526K, committed 21628K, reserved 1069056K
  class space    used 2591K, capacity 2668K, committed 2688K, reserved 1048576K
}
Event: 2.249 GC heap before
{Heap before GC invocations=7 (full 1):
 PSYoungGen      total 143872K, used 6154K [0x00000000d5d80000, 0x00000000df580000, 0x0000000100000000)
  eden space 133120K, 0% used [0x00000000d5d80000,0x00000000d5d80000,0x00000000ddf80000)
  from space 10752K, 57% used [0x00000000deb00000,0x00000000df102980,0x00000000df580000)
  to   space 11264K, 0% used [0x00000000ddf80000,0x00000000ddf80000,0x00000000dea80000)
 ParOldGen       total 87552K, used 10805K [0x0000000081800000, 0x0000000086d80000, 0x00000000d5d80000)
  object space 87552K, 12% used [0x0000000081800000,0x000000008228d638,0x0000000086d80000)
 Metaspace       used 21258K, capacity 21526K, committed 21628K, reserved 1069056K
  class space    used 2591K, capacity 2668K, committed 2688K, reserved 1048576K
Event: 2.294 GC heap after
Heap after GC invocations=7 (full 1):
 PSYoungGen      total 143872K, used 0K [0x00000000d5d80000, 0x00000000df580000, 0x0000000100000000)
  eden space 133120K, 0% used [0x00000000d5d80000,0x00000000d5d80000,0x00000000ddf80000)
  from space 10752K, 0% used [0x00000000deb00000,0x00000000deb00000,0x00000000df580000)
  to   space 11264K, 0% used [0x00000000ddf80000,0x00000000ddf80000,0x00000000dea80000)
 ParOldGen       total 66048K, used 10877K [0x0000000081800000, 0x0000000085880000, 0x00000000d5d80000)
  object space 66048K, 16% used [0x0000000081800000,0x000000008229f638,0x0000000085880000)
 Metaspace       used 21258K, capacity 21526K, committed 21628K, reserved 1069056K
  class space    used 2591K, capacity 2668K, committed 2688K, reserved 1048576K
}
Event: 3.475 GC heap before
{Heap before GC invocations=8 (full 1):
 PSYoungGen      total 143872K, used 133120K [0x00000000d5d80000, 0x00000000df580000, 0x0000000100000000)
  eden space 133120K, 100% used [0x00000000d5d80000,0x00000000ddf80000,0x00000000ddf80000)
  from space 10752K, 0% used [0x00000000deb00000,0x00000000deb00000,0x00000000df580000)
  to   space 11264K, 0% used [0x00000000ddf80000,0x00000000ddf80000,0x00000000dea80000)
 ParOldGen       total 66048K, used 10877K [0x0000000081800000, 0x0000000085880000, 0x00000000d5d80000)
  object space 66048K, 16% used [0x0000000081800000,0x000000008229f638,0x0000000085880000)
 Metaspace       used 22159K, capacity 22434K, committed 22524K, reserved 1069056K
  class space    used 2720K, capacity 2798K, committed 2816K, reserved 1048576K
Event: 3.486 GC heap after
Heap after GC invocations=8 (full 1):
 PSYoungGen      total 144384K, used 8233K [0x00000000d5d80000, 0x00000000e3380000, 0x0000000100000000)
  eden space 133120K, 0% used [0x00000000d5d80000,0x00000000d5d80000,0x00000000ddf80000)
  from space 11264K, 73% used [0x00000000ddf80000,0x00000000de78a758,0x00000000dea80000)
  to   space 11264K, 0% used [0x00000000e2880000,0x00000000e2880000,0x00000000e3380000)
 ParOldGen       total 66048K, used 10877K [0x0000000081800000, 0x0000000085880000, 0x00000000d5d80000)
  object space 66048K, 16% used [0x0000000081800000,0x000000008229f638,0x0000000085880000)
 Metaspace       used 22159K, capacity 22434K, committed 22524K, reserved 1069056K
  class space    used 2720K, capacity 2798K, committed 2816K, reserved 1048576K
}
Event: 5.098 GC heap before
{Heap before GC invocations=9 (full 1):
 PSYoungGen      total 144384K, used 141353K [0x00000000d5d80000, 0x00000000e3380000, 0x0000000100000000)
  eden space 133120K, 100% used [0x00000000d5d80000,0x00000000ddf80000,0x00000000ddf80000)
  from space 11264K, 73% used [0x00000000ddf80000,0x00000000de78a758,0x00000000dea80000)
  to   space 11264K, 0% used [0x00000000e2880000,0x00000000e2880000,0x00000000e3380000)
 ParOldGen       total 66048K, used 10877K [0x0000000081800000, 0x0000000085880000, 0x00000000d5d80000)
  object space 66048K, 16% used [0x0000000081800000,0x000000008229f638,0x0000000085880000)
 Metaspace       used 26869K, capacity 27280K, committed 27644K, reserved 1073152K
  class space    used 3360K, capacity 3458K, committed 3584K, reserved 1048576K
Event: 5.113 GC heap after
Heap after GC invocations=9 (full 1):
 PSYoungGen      total 201728K, used 9554K [0x00000000d5d80000, 0x00000000e3200000, 0x0000000100000000)
  eden space 192000K, 0% used [0x00000000d5d80000,0x00000000d5d80000,0x00000000e1900000)
  from space 9728K, 98% used [0x00000000e2880000,0x00000000e31d4838,0x00000000e3200000)
  to   space 11776K, 0% used [0x00000000e1b00000,0x00000000e1b00000,0x00000000e2680000)
 ParOldGen       total 66048K, used 10885K [0x0000000081800000, 0x0000000085880000, 0x00000000d5d80000)
  object space 66048K, 16% used [0x0000000081800000,0x00000000822a1638,0x0000000085880000)
 Metaspace       used 26869K, capacity 27280K, committed 27644K, reserved 1073152K
  class space    used 3360K, capacity 3458K, committed 3584K, reserved 1048576K
}
Event: 7.118 GC heap before
{Heap before GC invocations=10 (full 1):
 PSYoungGen      total 201728K, used 201554K [0x00000000d5d80000, 0x00000000e3200000, 0x0000000100000000)
  eden space 192000K, 100% used [0x00000000d5d80000,0x00000000e1900000,0x00000000e1900000)
  from space 9728K, 98% used [0x00000000e2880000,0x00000000e31d4838,0x00000000e3200000)
  to   space 11776K, 0% used [0x00000000e1b00000,0x00000000e1b00000,0x00000000e2680000)
 ParOldGen       total 66048K, used 10885K [0x0000000081800000, 0x0000000085880000, 0x00000000d5d80000)
  object space 66048K, 16% used [0x0000000081800000,0x00000000822a1638,0x0000000085880000)
 Metaspace       used 34573K, capacity 34996K, committed 35324K, reserved 1079296K
  class space    used 4386K, capacity 4488K, committed 4608K, reserved 1048576K
Event: 7.143 GC heap after
Heap after GC invocations=10 (full 1):
 PSYoungGen      total 205824K, used 11750K [0x00000000d5d80000, 0x00000000e6600000, 0x0000000100000000)
  eden space 194048K, 0% used [0x00000000d5d80000,0x00000000d5d80000,0x00000000e1b00000)
  from space 11776K, 99% used [0x00000000e1b00000,0x00000000e26799b0,0x00000000e2680000)
  to   space 14848K, 0% used [0x00000000e5780000,0x00000000e5780000,0x00000000e6600000)
 ParOldGen       total 66048K, used 14627K [0x0000000081800000, 0x0000000085880000, 0x00000000d5d80000)
  object space 66048K, 22% used [0x0000000081800000,0x0000000082648c98,0x0000000085880000)
 Metaspace       used 34573K, capacity 34996K, committed 35324K, reserved 1079296K
  class space    used 4386K, capacity 4488K, committed 4608K, reserved 1048576K
}

