# JRE version: Java(TM) SE Runtime Environment (8.0_221-b11) (build 1.8.0_221-b11)
# Java VM: Java HotSpot(TM) 64-Bit Server VM (25.221-b11 mixed mode windows-amd64 compressed oops)
Heap:
 PSYoungGen      total 136192K, used 55399K [0x00000000d5d80000, 0x00000000e0e00000, 0x0000000100000000)
  eden space 121856K, 45% used [0x00000000d5d80000,0x00000000d9399fb8,0x00000000dd480000)
  from space 14336K, 0% used [0x00000000e0000000,0x00000000e0000000,0x00000000e0e00000)
  to   space 12288K, 0% used [0x00000000dd480000,0x00000000dd480000,0x00000000de080000)
 ParOldGen       total 68096K, used 22641K [0x0000000081800000, 0x0000000085a80000, 0x00000000d5d80000)
  object space 68096K, 33% used [0x0000000081800000,0x0000000082e1c518,0x0000000085a80000)
 Metaspace       used 42169K, capacity 42600K, committed 43008K, reserved 1087488K
  class space    used 5419K, capacity 5549K, committed 5632K, reserved 1048576K
GC Heap History (10 events):
Event: 3.722 GC heap before
{Heap before GC invocations=8 (full 1):
 PSYoungGen      total 97792K, used 97729K [0x00000000d5d80000, 0x00000000dec80000, 0x0000000100000000)
  eden space 95744K, 100% used [0x00000000d5d80000,0x00000000dbb00000,0x00000000dbb00000)
  from space 2048K, 96% used [0x00000000dea80000,0x00000000dec706f0,0x00000000dec80000)
  to   space 12288K, 0% used [0x00000000dd480000,0x00000000dd480000,0x00000000de080000)
 ParOldGen       total 68096K, used 11037K [0x0000000081800000, 0x0000000085a80000, 0x00000000d5d80000)
  object space 68096K, 16% used [0x0000000081800000,0x00000000822c7560,0x0000000085a80000)
 Metaspace       used 22144K, capacity 22434K, committed 22704K, reserved 1069056K
  class space    used 2714K, capacity 2798K, committed 2816K, reserved 1048576K
Event: 3.735 GC heap after
Heap after GC invocations=8 (full 1):
 PSYoungGen      total 134144K, used 8855K [0x00000000d5d80000, 0x00000000dfd80000, 0x0000000100000000)
  eden space 121856K, 0% used [0x00000000d5d80000,0x00000000d5d80000,0x00000000dd480000)
  from space 12288K, 72% used [0x00000000dd480000,0x00000000ddd25c30,0x00000000de080000)
  to   space 12800K, 0% used [0x00000000df100000,0x00000000df100000,0x00000000dfd80000)
 ParOldGen       total 68096K, used 11045K [0x0000000081800000, 0x0000000085a80000, 0x00000000d5d80000)
  object space 68096K, 16% used [0x0000000081800000,0x00000000822c9560,0x0000000085a80000)
 Metaspace       used 22144K, capacity 22434K, committed 22704K, reserved 1069056K
  class space    used 2714K, capacity 2798K, committed 2816K, reserved 1048576K
}
Event: 5.159 GC heap before
{Heap before GC invocations=9 (full 1):
 PSYoungGen      total 134144K, used 130711K [0x00000000d5d80000, 0x00000000dfd80000, 0x0000000100000000)
  eden space 121856K, 100% used [0x00000000d5d80000,0x00000000dd480000,0x00000000dd480000)
  from space 12288K, 72% used [0x00000000dd480000,0x00000000ddd25c30,0x00000000de080000)
  to   space 12800K, 0% used [0x00000000df100000,0x00000000df100000,0x00000000dfd80000)
 ParOldGen       total 68096K, used 11045K [0x0000000081800000, 0x0000000085a80000, 0x00000000d5d80000)
  object space 68096K, 16% used [0x0000000081800000,0x00000000822c9560,0x0000000085a80000)
 Metaspace       used 25927K, capacity 26278K, committed 26368K, reserved 1073152K
  class space    used 3230K, capacity 3323K, committed 3328K, reserved 1048576K
Event: 5.173 GC heap after
Heap after GC invocations=9 (full 1):
 PSYoungGen      total 134656K, used 9116K [0x00000000d5d80000, 0x00000000dfd80000, 0x0000000100000000)
  eden space 121856K, 0% used [0x00000000d5d80000,0x00000000d5d80000,0x00000000dd480000)
  from space 12800K, 71% used [0x00000000df100000,0x00000000df9e7238,0x00000000dfd80000)
  to   space 12288K, 0% used [0x00000000dd480000,0x00000000dd480000,0x00000000de080000)
 ParOldGen       total 68096K, used 11053K [0x0000000081800000, 0x0000000085a80000, 0x00000000d5d80000)
  object space 68096K, 16% used [0x0000000081800000,0x00000000822cb560,0x0000000085a80000)
 Metaspace       used 25927K, capacity 26278K, committed 26368K, reserved 1073152K
  class space    used 3230K, capacity 3323K, committed 3328K, reserved 1048576K
}
Event: 6.474 GC heap before
{Heap before GC invocations=10 (full 1):
 PSYoungGen      total 134656K, used 130972K [0x00000000d5d80000, 0x00000000dfd80000, 0x0000000100000000)
  eden space 121856K, 100% used [0x00000000d5d80000,0x00000000dd480000,0x00000000dd480000)
  from space 12800K, 71% used [0x00000000df100000,0x00000000df9e7238,0x00000000dfd80000)
  to   space 12288K, 0% used [0x00000000dd480000,0x00000000dd480000,0x00000000de080000)
 ParOldGen       total 68096K, used 11053K [0x0000000081800000, 0x0000000085a80000, 0x00000000d5d80000)
  object space 68096K, 16% used [0x0000000081800000,0x00000000822cb560,0x0000000085a80000)
 Metaspace       used 31205K, capacity 31574K, committed 32000K, reserved 1077248K
  class space    used 3879K, capacity 3971K, committed 4096K, reserved 1048576K
Event: 6.492 GC heap after
Heap after GC invocations=10 (full 1):
 PSYoungGen      total 134144K, used 11487K [0x00000000d5d80000, 0x00000000e0e00000, 0x0000000100000000)
  eden space 121856K, 0% used [0x00000000d5d80000,0x00000000d5d80000,0x00000000dd480000)
  from space 12288K, 93% used [0x00000000dd480000,0x00000000ddfb7e88,0x00000000de080000)
  to   space 14336K, 0% used [0x00000000e0000000,0x00000000e0000000,0x00000000e0e00000)
 ParOldGen       total 68096K, used 11061K [0x0000000081800000, 0x0000000085a80000, 0x00000000d5d80000)
  object space 68096K, 16% used [0x0000000081800000,0x00000000822cd560,0x0000000085a80000)
 Metaspace       used 31205K, capacity 31574K, committed 32000K, reserved 1077248K
  class space    used 3879K, capacity 3971K, committed 4096K, reserved 1048576K
}
Event: 7.551 GC heap before
{Heap before GC invocations=11 (full 1):
 PSYoungGen      total 134144K, used 106267K [0x00000000d5d80000, 0x00000000e0e00000, 0x0000000100000000)
  eden space 121856K, 77% used [0x00000000d5d80000,0x00000000dba0ee20,0x00000000dd480000)
  from space 12288K, 93% used [0x00000000dd480000,0x00000000ddfb7e88,0x00000000de080000)
  to   space 14336K, 0% used [0x00000000e0000000,0x00000000e0000000,0x00000000e0e00000)
 ParOldGen       total 68096K, used 11061K [0x0000000081800000, 0x0000000085a80000, 0x00000000d5d80000)
  object space 68096K, 16% used [0x0000000081800000,0x00000000822cd560,0x0000000085a80000)
 Metaspace       used 34856K, capacity 35220K, committed 35496K, reserved 1081344K
  class space    used 4420K, capacity 4520K, committed 4608K, reserved 1048576K
Event: 7.574 GC heap after
Heap after GC invocations=11 (full 1):
 PSYoungGen      total 136192K, used 13393K [0x00000000d5d80000, 0x00000000e0e00000, 0x0000000100000000)
  eden space 121856K, 0% used [0x00000000d5d80000,0x00000000d5d80000,0x00000000dd480000)
  from space 14336K, 93% used [0x00000000e0000000,0x00000000e0d146e8,0x00000000e0e00000)
  to   space 12288K, 0% used [0x00000000dd480000,0x00000000dd480000,0x00000000de080000)
 ParOldGen       total 68096K, used 11069K [0x0000000081800000, 0x0000000085a80000, 0x00000000d5d80000)
  object space 68096K, 16% used [0x0000000081800000,0x00000000822cf560,0x0000000085a80000)
 Metaspace       used 34856K, capacity 35220K, committed 35496K, reserved 1081344K
  class space    used 4420K, capacity 4520K, committed 4608K, reserved 1048576K
}
Event: 7.574 GC heap before
{Heap before GC invocations=12 (full 2):
 PSYoungGen      total 136192K, used 13393K [0x00000000d5d80000, 0x00000000e0e00000, 0x0000000100000000)
  eden space 121856K, 0% used [0x00000000d5d80000,0x00000000d5d80000,0x00000000dd480000)
  from space 14336K, 93% used [0x00000000e0000000,0x00000000e0d146e8,0x00000000e0e00000)
  to   space 12288K, 0% used [0x00000000dd480000,0x00000000dd480000,0x00000000de080000)
 ParOldGen       total 68096K, used 11069K [0x0000000081800000, 0x0000000085a80000, 0x00000000d5d80000)
  object space 68096K, 16% used [0x0000000081800000,0x00000000822cf560,0x0000000085a80000)
 Metaspace       used 34856K, capacity 35220K, committed 35496K, reserved 1081344K
  class space    used 4420K, capacity 4520K, committed 4608K, reserved 1048576K
Event: 7.704 GC heap after
Heap after GC invocations=12 (full 2):
 PSYoungGen      total 136192K, used 0K [0x00000000d5d80000, 0x00000000e0e00000, 0x0000000100000000)
  eden space 121856K, 0% used [0x00000000d5d80000,0x00000000d5d80000,0x00000000dd480000)
  from space 14336K, 0% used [0x00000000e0000000,0x00000000e0000000,0x00000000e0e00000)
  to   space 12288K, 0% used [0x00000000dd480000,0x00000000dd480000,0x00000000de080000)
 ParOldGen       total 68096K, used 22641K [0x0000000081800000, 0x0000000085a80000, 0x00000000d5d80000)
  object space 68096K, 33% used [0x0000000081800000,0x0000000082e1c518,0x0000000085a80000)
 Metaspace       used 34856K, capacity 35220K, committed 35496K, reserved 1081344K
  class space    used 4420K, capacity 4520K, committed 4608K, reserved 1048576K
}

