# JRE version: Java(TM) SE Runtime Environment (8.0_221-b11) (build 1.8.0_221-b11)
# Java VM: Java HotSpot(TM) 64-Bit Server VM (25.221-b11 mixed mode windows-amd64 compressed oops)
Heap:
 PSYoungGen      total 151552K, used 79972K [0x00000000d5d80000, 0x00000000e2180000, 0x0000000100000000)
  eden space 138752K, 51% used [0x00000000d5d80000,0x00000000da2d4b60,0x00000000de500000)
  from space 12800K, 70% used [0x00000000df200000,0x00000000dfac47a0,0x00000000dfe80000)
  to   space 13312K, 0% used [0x00000000de500000,0x00000000de500000,0x00000000df200000)
 ParOldGen       total 68608K, used 11317K [0x0000000081800000, 0x0000000085b00000, 0x00000000d5d80000)
  object space 68608K, 16% used [0x0000000081800000,0x000000008230d6e0,0x0000000085b00000)
 Metaspace       used 28648K, capacity 29046K, committed 29312K, reserved 1075200K
  class space    used 3606K, capacity 3683K, committed 3712K, reserved 1048576K
GC Heap History (10 events):
Event: 2.456 GC heap before
{Heap before GC invocations=5 (full 0):
 PSYoungGen      total 71680K, used 43407K [0x00000000d5d80000, 0x00000000da880000, 0x0000000100000000)
  eden space 66560K, 57% used [0x00000000d5d80000,0x00000000d82e5290,0x00000000d9e80000)
  from space 5120K, 99% used [0x00000000da380000,0x00000000da87ec40,0x00000000da880000)
  to   space 5120K, 0% used [0x00000000d9e80000,0x00000000d9e80000,0x00000000da380000)
 ParOldGen       total 87552K, used 8190K [0x0000000081800000, 0x0000000086d80000, 0x00000000d5d80000)
  object space 87552K, 9% used [0x0000000081800000,0x0000000081fff808,0x0000000086d80000)
 Metaspace       used 20915K, capacity 21154K, committed 21296K, reserved 1069056K
  class space    used 2558K, capacity 2633K, committed 2688K, reserved 1048576K
Event: 2.465 GC heap after
Heap after GC invocations=5 (full 0):
 PSYoungGen      total 71680K, used 5104K [0x00000000d5d80000, 0x00000000df680000, 0x0000000100000000)
  eden space 66560K, 0% used [0x00000000d5d80000,0x00000000d5d80000,0x00000000d9e80000)
  from space 5120K, 99% used [0x00000000d9e80000,0x00000000da37c030,0x00000000da380000)
  to   space 11776K, 0% used [0x00000000deb00000,0x00000000deb00000,0x00000000df680000)
 ParOldGen       total 87552K, used 11012K [0x0000000081800000, 0x0000000086d80000, 0x00000000d5d80000)
  object space 87552K, 12% used [0x0000000081800000,0x00000000822c12d0,0x0000000086d80000)
 Metaspace       used 20915K, capacity 21154K, committed 21296K, reserved 1069056K
  class space    used 2558K, capacity 2633K, committed 2688K, reserved 1048576K
}
Event: 2.465 GC heap before
{Heap before GC invocations=6 (full 1):
 PSYoungGen      total 71680K, used 5104K [0x00000000d5d80000, 0x00000000df680000, 0x0000000100000000)
  eden space 66560K, 0% used [0x00000000d5d80000,0x00000000d5d80000,0x00000000d9e80000)
  from space 5120K, 99% used [0x00000000d9e80000,0x00000000da37c030,0x00000000da380000)
  to   space 11776K, 0% used [0x00000000deb00000,0x00000000deb00000,0x00000000df680000)
 ParOldGen       total 87552K, used 11012K [0x0000000081800000, 0x0000000086d80000, 0x00000000d5d80000)
  object space 87552K, 12% used [0x0000000081800000,0x00000000822c12d0,0x0000000086d80000)
 Metaspace       used 20915K, capacity 21154K, committed 21296K, reserved 1069056K
  class space    used 2558K, capacity 2633K, committed 2688K, reserved 1048576K
Event: 2.510 GC heap after
Heap after GC invocations=6 (full 1):
 PSYoungGen      total 71680K, used 0K [0x00000000d5d80000, 0x00000000df680000, 0x0000000100000000)
  eden space 66560K, 0% used [0x00000000d5d80000,0x00000000d5d80000,0x00000000d9e80000)
  from space 5120K, 0% used [0x00000000d9e80000,0x00000000d9e80000,0x00000000da380000)
  to   space 11776K, 0% used [0x00000000deb00000,0x00000000deb00000,0x00000000df680000)
 ParOldGen       total 68608K, used 11293K [0x0000000081800000, 0x0000000085b00000, 0x00000000d5d80000)
  object space 68608K, 16% used [0x0000000081800000,0x00000000823076e0,0x0000000085b00000)
 Metaspace       used 20915K, capacity 21154K, committed 21296K, reserved 1069056K
  class space    used 2558K, capacity 2633K, committed 2688K, reserved 1048576K
}
Event: 2.970 GC heap before
{Heap before GC invocations=7 (full 1):
 PSYoungGen      total 71680K, used 66560K [0x00000000d5d80000, 0x00000000df680000, 0x0000000100000000)
  eden space 66560K, 100% used [0x00000000d5d80000,0x00000000d9e80000,0x00000000d9e80000)
  from space 5120K, 0% used [0x00000000d9e80000,0x00000000d9e80000,0x00000000da380000)
  to   space 11776K, 0% used [0x00000000deb00000,0x00000000deb00000,0x00000000df680000)
 ParOldGen       total 68608K, used 11293K [0x0000000081800000, 0x0000000085b00000, 0x00000000d5d80000)
  object space 68608K, 16% used [0x0000000081800000,0x00000000823076e0,0x0000000085b00000)
 Metaspace       used 21687K, capacity 21986K, committed 22192K, reserved 1069056K
  class space    used 2646K, capacity 2734K, committed 2816K, reserved 1048576K
Event: 2.974 GC heap after
Heap after GC invocations=7 (full 1):
 PSYoungGen      total 97792K, used 1828K [0x00000000d5d80000, 0x00000000ded00000, 0x0000000100000000)
  eden space 95744K, 0% used [0x00000000d5d80000,0x00000000d5d80000,0x00000000dbb00000)
  from space 2048K, 89% used [0x00000000deb00000,0x00000000decc9360,0x00000000ded00000)
  to   space 12288K, 0% used [0x00000000dd500000,0x00000000dd500000,0x00000000de100000)
 ParOldGen       total 68608K, used 11301K [0x0000000081800000, 0x0000000085b00000, 0x00000000d5d80000)
  object space 68608K, 16% used [0x0000000081800000,0x00000000823096e0,0x0000000085b00000)
 Metaspace       used 21687K, capacity 21986K, committed 22192K, reserved 1069056K
  class space    used 2646K, capacity 2734K, committed 2816K, reserved 1048576K
}
Event: 3.745 GC heap before
{Heap before GC invocations=8 (full 1):
 PSYoungGen      total 97792K, used 97572K [0x00000000d5d80000, 0x00000000ded00000, 0x0000000100000000)
  eden space 95744K, 100% used [0x00000000d5d80000,0x00000000dbb00000,0x00000000dbb00000)
  from space 2048K, 89% used [0x00000000deb00000,0x00000000decc9360,0x00000000ded00000)
  to   space 12288K, 0% used [0x00000000dd500000,0x00000000dd500000,0x00000000de100000)
 ParOldGen       total 68608K, used 11301K [0x0000000081800000, 0x0000000085b00000, 0x00000000d5d80000)
  object space 68608K, 16% used [0x0000000081800000,0x00000000823096e0,0x0000000085b00000)
 Metaspace       used 22145K, capacity 22434K, committed 22704K, reserved 1069056K
  class space    used 2716K, capacity 2798K, committed 2816K, reserved 1048576K
Event: 3.759 GC heap after
Heap after GC invocations=8 (full 1):
 PSYoungGen      total 134656K, used 9047K [0x00000000d5d80000, 0x00000000dfe80000, 0x0000000100000000)
  eden space 122368K, 0% used [0x00000000d5d80000,0x00000000d5d80000,0x00000000dd500000)
  from space 12288K, 73% used [0x00000000dd500000,0x00000000dddd5c30,0x00000000de100000)
  to   space 12800K, 0% used [0x00000000df200000,0x00000000df200000,0x00000000dfe80000)
 ParOldGen       total 68608K, used 11309K [0x0000000081800000, 0x0000000085b00000, 0x00000000d5d80000)
  object space 68608K, 16% used [0x0000000081800000,0x000000008230b6e0,0x0000000085b00000)
 Metaspace       used 22145K, capacity 22434K, committed 22704K, reserved 1069056K
  class space    used 2716K, capacity 2798K, committed 2816K, reserved 1048576K
}
Event: 5.338 GC heap before
{Heap before GC invocations=9 (full 1):
 PSYoungGen      total 134656K, used 131415K [0x00000000d5d80000, 0x00000000dfe80000, 0x0000000100000000)
  eden space 122368K, 100% used [0x00000000d5d80000,0x00000000dd500000,0x00000000dd500000)
  from space 12288K, 73% used [0x00000000dd500000,0x00000000dddd5c30,0x00000000de100000)
  to   space 12800K, 0% used [0x00000000df200000,0x00000000df200000,0x00000000dfe80000)
 ParOldGen       total 68608K, used 11309K [0x0000000081800000, 0x0000000085b00000, 0x00000000d5d80000)
  object space 68608K, 16% used [0x0000000081800000,0x000000008230b6e0,0x0000000085b00000)
 Metaspace       used 26002K, capacity 26374K, committed 26752K, reserved 1073152K
  class space    used 3242K, capacity 3355K, committed 3456K, reserved 1048576K
Event: 5.350 GC heap after
Heap after GC invocations=9 (full 1):
 PSYoungGen      total 151552K, used 8977K [0x00000000d5d80000, 0x00000000e2180000, 0x0000000100000000)
  eden space 138752K, 0% used [0x00000000d5d80000,0x00000000d5d80000,0x00000000de500000)
  from space 12800K, 70% used [0x00000000df200000,0x00000000dfac47a0,0x00000000dfe80000)
  to   space 13312K, 0% used [0x00000000de500000,0x00000000de500000,0x00000000df200000)
 ParOldGen       total 68608K, used 11317K [0x0000000081800000, 0x0000000085b00000, 0x00000000d5d80000)
  object space 68608K, 16% used [0x0000000081800000,0x000000008230d6e0,0x0000000085b00000)
 Metaspace       used 26002K, capacity 26374K, committed 26752K, reserved 1073152K
  class space    used 3242K, capacity 3355K, committed 3456K, reserved 1048576K
}

