# JRE version: Java(TM) SE Runtime Environment (8.0_221-b11) (build 1.8.0_221-b11)
# Java VM: Java HotSpot(TM) 64-Bit Server VM (25.221-b11 mixed mode windows-amd64 compressed oops)
Heap:
 PSYoungGen      total 94208K, used 79297K [0x00000000d5d80000, 0x00000000dc600000, 0x0000000100000000)
  eden space 82432K, 87% used [0x00000000d5d80000,0x00000000da44f268,0x00000000dae00000)
  from space 11776K, 57% used [0x00000000db900000,0x00000000dbfa1220,0x00000000dc480000)
  to   space 11264K, 0% used [0x00000000dae00000,0x00000000dae00000,0x00000000db900000)
 ParOldGen       total 69120K, used 11004K [0x0000000081800000, 0x0000000085b80000, 0x00000000d5d80000)
  object space 69120K, 15% used [0x0000000081800000,0x00000000822bf290,0x0000000085b80000)
 Metaspace       used 25015K, capacity 25396K, committed 25600K, reserved 1071104K
  class space    used 3134K, capacity 3224K, committed 3328K, reserved 1048576K
GC Heap History (10 events):
Event: 2.391 GC heap before
{Heap before GC invocations=5 (full 0):
 PSYoungGen      total 71680K, used 39853K [0x00000000d5d80000, 0x00000000da880000, 0x0000000100000000)
  eden space 66560K, 52% used [0x00000000d5d80000,0x00000000d7f72fc8,0x00000000d9e80000)
  from space 5120K, 99% used [0x00000000da380000,0x00000000da878630,0x00000000da880000)
  to   space 5120K, 0% used [0x00000000d9e80000,0x00000000d9e80000,0x00000000da380000)
 ParOldGen       total 87552K, used 8298K [0x0000000081800000, 0x0000000086d80000, 0x00000000d5d80000)
  object space 87552K, 9% used [0x0000000081800000,0x000000008201ab08,0x0000000086d80000)
 Metaspace       used 20902K, capacity 21154K, committed 21296K, reserved 1069056K
  class space    used 2558K, capacity 2633K, committed 2688K, reserved 1048576K
Event: 2.403 GC heap after
Heap after GC invocations=5 (full 0):
 PSYoungGen      total 71680K, used 5104K [0x00000000d5d80000, 0x00000000da880000, 0x0000000100000000)
  eden space 66560K, 0% used [0x00000000d5d80000,0x00000000d5d80000,0x00000000d9e80000)
  from space 5120K, 99% used [0x00000000d9e80000,0x00000000da37c010,0x00000000da380000)
  to   space 5120K, 0% used [0x00000000da380000,0x00000000da380000,0x00000000da880000)
 ParOldGen       total 87552K, used 10887K [0x0000000081800000, 0x0000000086d80000, 0x00000000d5d80000)
  object space 87552K, 12% used [0x0000000081800000,0x00000000822a1f68,0x0000000086d80000)
 Metaspace       used 20902K, capacity 21154K, committed 21296K, reserved 1069056K
  class space    used 2558K, capacity 2633K, committed 2688K, reserved 1048576K
}
Event: 2.403 GC heap before
{Heap before GC invocations=6 (full 1):
 PSYoungGen      total 71680K, used 5104K [0x00000000d5d80000, 0x00000000da880000, 0x0000000100000000)
  eden space 66560K, 0% used [0x00000000d5d80000,0x00000000d5d80000,0x00000000d9e80000)
  from space 5120K, 99% used [0x00000000d9e80000,0x00000000da37c010,0x00000000da380000)
  to   space 5120K, 0% used [0x00000000da380000,0x00000000da380000,0x00000000da880000)
 ParOldGen       total 87552K, used 10887K [0x0000000081800000, 0x0000000086d80000, 0x00000000d5d80000)
  object space 87552K, 12% used [0x0000000081800000,0x00000000822a1f68,0x0000000086d80000)
 Metaspace       used 20902K, capacity 21154K, committed 21296K, reserved 1069056K
  class space    used 2558K, capacity 2633K, committed 2688K, reserved 1048576K
Event: 2.461 GC heap after
Heap after GC invocations=6 (full 1):
 PSYoungGen      total 71680K, used 0K [0x00000000d5d80000, 0x00000000da880000, 0x0000000100000000)
  eden space 66560K, 0% used [0x00000000d5d80000,0x00000000d5d80000,0x00000000d9e80000)
  from space 5120K, 0% used [0x00000000d9e80000,0x00000000d9e80000,0x00000000da380000)
  to   space 5120K, 0% used [0x00000000da380000,0x00000000da380000,0x00000000da880000)
 ParOldGen       total 69120K, used 10996K [0x0000000081800000, 0x0000000085b80000, 0x00000000d5d80000)
  object space 69120K, 15% used [0x0000000081800000,0x00000000822bd290,0x0000000085b80000)
 Metaspace       used 20902K, capacity 21154K, committed 21296K, reserved 1069056K
  class space    used 2558K, capacity 2633K, committed 2688K, reserved 1048576K
}
Event: 3.026 GC heap before
{Heap before GC invocations=7 (full 1):
 PSYoungGen      total 71680K, used 66560K [0x00000000d5d80000, 0x00000000da880000, 0x0000000100000000)
  eden space 66560K, 100% used [0x00000000d5d80000,0x00000000d9e80000,0x00000000d9e80000)
  from space 5120K, 0% used [0x00000000d9e80000,0x00000000d9e80000,0x00000000da380000)
  to   space 5120K, 0% used [0x00000000da380000,0x00000000da380000,0x00000000da880000)
 ParOldGen       total 69120K, used 10996K [0x0000000081800000, 0x0000000085b80000, 0x00000000d5d80000)
  object space 69120K, 15% used [0x0000000081800000,0x00000000822bd290,0x0000000085b80000)
 Metaspace       used 21667K, capacity 21974K, committed 22192K, reserved 1069056K
  class space    used 2645K, capacity 2732K, committed 2816K, reserved 1048576K
Event: 3.030 GC heap after
Heap after GC invocations=7 (full 1):
 PSYoungGen      total 65024K, used 2022K [0x00000000d5d80000, 0x00000000dcf80000, 0x0000000100000000)
  eden space 59904K, 0% used [0x00000000d5d80000,0x00000000d5d80000,0x00000000d9800000)
  from space 5120K, 39% used [0x00000000da380000,0x00000000da579b60,0x00000000da880000)
  to   space 11776K, 0% used [0x00000000d9800000,0x00000000d9800000,0x00000000da380000)
 ParOldGen       total 69120K, used 10996K [0x0000000081800000, 0x0000000085b80000, 0x00000000d5d80000)
  object space 69120K, 15% used [0x0000000081800000,0x00000000822bd290,0x0000000085b80000)
 Metaspace       used 21667K, capacity 21974K, committed 22192K, reserved 1069056K
  class space    used 2645K, capacity 2732K, committed 2816K, reserved 1048576K
}
Event: 3.551 GC heap before
{Heap before GC invocations=8 (full 1):
 PSYoungGen      total 65024K, used 61926K [0x00000000d5d80000, 0x00000000dcf80000, 0x0000000100000000)
  eden space 59904K, 100% used [0x00000000d5d80000,0x00000000d9800000,0x00000000d9800000)
  from space 5120K, 39% used [0x00000000da380000,0x00000000da579b60,0x00000000da880000)
  to   space 11776K, 0% used [0x00000000d9800000,0x00000000d9800000,0x00000000da380000)
 ParOldGen       total 69120K, used 10996K [0x0000000081800000, 0x0000000085b80000, 0x00000000d5d80000)
  object space 69120K, 15% used [0x0000000081800000,0x00000000822bd290,0x0000000085b80000)
 Metaspace       used 22063K, capacity 22402K, committed 22704K, reserved 1069056K
  class space    used 2696K, capacity 2766K, committed 2816K, reserved 1048576K
Event: 3.555 GC heap after
Heap after GC invocations=8 (full 1):
 PSYoungGen      total 71680K, used 4333K [0x00000000d5d80000, 0x00000000dc480000, 0x0000000100000000)
  eden space 59904K, 0% used [0x00000000d5d80000,0x00000000d5d80000,0x00000000d9800000)
  from space 11776K, 36% used [0x00000000d9800000,0x00000000d9c3b548,0x00000000da380000)
  to   space 11776K, 0% used [0x00000000db900000,0x00000000db900000,0x00000000dc480000)
 ParOldGen       total 69120K, used 11004K [0x0000000081800000, 0x0000000085b80000, 0x00000000d5d80000)
  object space 69120K, 15% used [0x0000000081800000,0x00000000822bf290,0x0000000085b80000)
 Metaspace       used 22063K, capacity 22402K, committed 22704K, reserved 1069056K
  class space    used 2696K, capacity 2766K, committed 2816K, reserved 1048576K
}
Event: 4.106 GC heap before
{Heap before GC invocations=9 (full 1):
 PSYoungGen      total 71680K, used 64237K [0x00000000d5d80000, 0x00000000dc480000, 0x0000000100000000)
  eden space 59904K, 100% used [0x00000000d5d80000,0x00000000d9800000,0x00000000d9800000)
  from space 11776K, 36% used [0x00000000d9800000,0x00000000d9c3b548,0x00000000da380000)
  to   space 11776K, 0% used [0x00000000db900000,0x00000000db900000,0x00000000dc480000)
 ParOldGen       total 69120K, used 11004K [0x0000000081800000, 0x0000000085b80000, 0x00000000d5d80000)
  object space 69120K, 15% used [0x0000000081800000,0x00000000822bf290,0x0000000085b80000)
 Metaspace       used 22236K, capacity 22498K, committed 22704K, reserved 1069056K
  class space    used 2731K, capacity 2798K, committed 2816K, reserved 1048576K
Event: 4.119 GC heap after
Heap after GC invocations=9 (full 1):
 PSYoungGen      total 94208K, used 6788K [0x00000000d5d80000, 0x00000000dc600000, 0x0000000100000000)
  eden space 82432K, 0% used [0x00000000d5d80000,0x00000000d5d80000,0x00000000dae00000)
  from space 11776K, 57% used [0x00000000db900000,0x00000000dbfa1220,0x00000000dc480000)
  to   space 11264K, 0% used [0x00000000dae00000,0x00000000dae00000,0x00000000db900000)
 ParOldGen       total 69120K, used 11004K [0x0000000081800000, 0x0000000085b80000, 0x00000000d5d80000)
  object space 69120K, 15% used [0x0000000081800000,0x00000000822bf290,0x0000000085b80000)
 Metaspace       used 22236K, capacity 22498K, committed 22704K, reserved 1069056K
  class space    used 2731K, capacity 2798K, committed 2816K, reserved 1048576K
}

