# JRE version: Java(TM) SE Runtime Environment (8.0_221-b11) (build 1.8.0_221-b11)
# Java VM: Java HotSpot(TM) 64-Bit Server VM (25.221-b11 mixed mode windows-amd64 compressed oops)
Heap:
 PSYoungGen      total 135168K, used 56102K [0x00000000d5d80000, 0x00000000dfb80000, 0x0000000100000000)
  eden space 122368K, 45% used [0x00000000d5d80000,0x00000000d9449ba0,0x00000000dd500000)
  from space 12800K, 0% used [0x00000000def00000,0x00000000def00000,0x00000000dfb80000)
  to   space 12288K, 0% used [0x00000000dd500000,0x00000000dd500000,0x00000000de100000)
 ParOldGen       total 68096K, used 22683K [0x0000000081800000, 0x0000000085a80000, 0x00000000d5d80000)
  object space 68096K, 33% used [0x0000000081800000,0x0000000082e26cc0,0x0000000085a80000)
 Metaspace       used 42057K, capacity 42440K, committed 42752K, reserved 1087488K
  class space    used 5390K, capacity 5517K, committed 5632K, reserved 1048576K
GC Heap History (10 events):
Event: 3.741 GC heap before
{Heap before GC invocations=8 (full 1):
 PSYoungGen      total 97792K, used 97298K [0x00000000d5d80000, 0x00000000ded00000, 0x0000000100000000)
  eden space 95232K, 100% used [0x00000000d5d80000,0x00000000dba80000,0x00000000dba80000)
  from space 2560K, 80% used [0x00000000dea80000,0x00000000dec84ba0,0x00000000ded00000)
  to   space 12288K, 0% used [0x00000000dd500000,0x00000000dd500000,0x00000000de100000)
 ParOldGen       total 68096K, used 11010K [0x0000000081800000, 0x0000000085a80000, 0x00000000d5d80000)
  object space 68096K, 16% used [0x0000000081800000,0x00000000822c0a90,0x0000000085a80000)
 Metaspace       used 22130K, capacity 22434K, committed 22704K, reserved 1069056K
  class space    used 2716K, capacity 2798K, committed 2816K, reserved 1048576K
Event: 3.757 GC heap after
Heap after GC invocations=8 (full 1):
 PSYoungGen      total 134656K, used 8911K [0x00000000d5d80000, 0x00000000dfb80000, 0x0000000100000000)
  eden space 122368K, 0% used [0x00000000d5d80000,0x00000000d5d80000,0x00000000dd500000)
  from space 12288K, 72% used [0x00000000dd500000,0x00000000dddb3ea8,0x00000000de100000)
  to   space 12800K, 0% used [0x00000000def00000,0x00000000def00000,0x00000000dfb80000)
 ParOldGen       total 68096K, used 11018K [0x0000000081800000, 0x0000000085a80000, 0x00000000d5d80000)
  object space 68096K, 16% used [0x0000000081800000,0x00000000822c2a90,0x0000000085a80000)
 Metaspace       used 22130K, capacity 22434K, committed 22704K, reserved 1069056K
  class space    used 2716K, capacity 2798K, committed 2816K, reserved 1048576K
}
Event: 5.388 GC heap before
{Heap before GC invocations=9 (full 1):
 PSYoungGen      total 134656K, used 131279K [0x00000000d5d80000, 0x00000000dfb80000, 0x0000000100000000)
  eden space 122368K, 100% used [0x00000000d5d80000,0x00000000dd500000,0x00000000dd500000)
  from space 12288K, 72% used [0x00000000dd500000,0x00000000dddb3ea8,0x00000000de100000)
  to   space 12800K, 0% used [0x00000000def00000,0x00000000def00000,0x00000000dfb80000)
 ParOldGen       total 68096K, used 11018K [0x0000000081800000, 0x0000000085a80000, 0x00000000d5d80000)
  object space 68096K, 16% used [0x0000000081800000,0x00000000822c2a90,0x0000000085a80000)
 Metaspace       used 25933K, capacity 26278K, committed 26368K, reserved 1073152K
  class space    used 3232K, capacity 3323K, committed 3328K, reserved 1048576K
Event: 5.410 GC heap after
Heap after GC invocations=9 (full 1):
 PSYoungGen      total 135168K, used 9212K [0x00000000d5d80000, 0x00000000dfb80000, 0x0000000100000000)
  eden space 122368K, 0% used [0x00000000d5d80000,0x00000000d5d80000,0x00000000dd500000)
  from space 12800K, 71% used [0x00000000def00000,0x00000000df7ff008,0x00000000dfb80000)
  to   space 12288K, 0% used [0x00000000dd500000,0x00000000dd500000,0x00000000de100000)
 ParOldGen       total 68096K, used 11026K [0x0000000081800000, 0x0000000085a80000, 0x00000000d5d80000)
  object space 68096K, 16% used [0x0000000081800000,0x00000000822c4a90,0x0000000085a80000)
 Metaspace       used 25933K, capacity 26278K, committed 26368K, reserved 1073152K
  class space    used 3232K, capacity 3323K, committed 3328K, reserved 1048576K
}
Event: 6.883 GC heap before
{Heap before GC invocations=10 (full 1):
 PSYoungGen      total 135168K, used 131580K [0x00000000d5d80000, 0x00000000dfb80000, 0x0000000100000000)
  eden space 122368K, 100% used [0x00000000d5d80000,0x00000000dd500000,0x00000000dd500000)
  from space 12800K, 71% used [0x00000000def00000,0x00000000df7ff008,0x00000000dfb80000)
  to   space 12288K, 0% used [0x00000000dd500000,0x00000000dd500000,0x00000000de100000)
 ParOldGen       total 68096K, used 11026K [0x0000000081800000, 0x0000000085a80000, 0x00000000d5d80000)
  object space 68096K, 16% used [0x0000000081800000,0x00000000822c4a90,0x0000000085a80000)
 Metaspace       used 31222K, capacity 31574K, committed 32000K, reserved 1077248K
  class space    used 3883K, capacity 3971K, committed 4096K, reserved 1048576K
Event: 6.897 GC heap after
Heap after GC invocations=10 (full 1):
 PSYoungGen      total 134656K, used 11561K [0x00000000d5d80000, 0x00000000dfb80000, 0x0000000100000000)
  eden space 122368K, 0% used [0x00000000d5d80000,0x00000000d5d80000,0x00000000dd500000)
  from space 12288K, 94% used [0x00000000dd500000,0x00000000de04a508,0x00000000de100000)
  to   space 12800K, 0% used [0x00000000def00000,0x00000000def00000,0x00000000dfb80000)
 ParOldGen       total 68096K, used 11034K [0x0000000081800000, 0x0000000085a80000, 0x00000000d5d80000)
  object space 68096K, 16% used [0x0000000081800000,0x00000000822c6a90,0x0000000085a80000)
 Metaspace       used 31222K, capacity 31574K, committed 32000K, reserved 1077248K
  class space    used 3883K, capacity 3971K, committed 4096K, reserved 1048576K
}
Event: 8.023 GC heap before
{Heap before GC invocations=11 (full 1):
 PSYoungGen      total 134656K, used 106614K [0x00000000d5d80000, 0x00000000dfb80000, 0x0000000100000000)
  eden space 122368K, 77% used [0x00000000d5d80000,0x00000000dba53370,0x00000000dd500000)
  from space 12288K, 94% used [0x00000000dd500000,0x00000000de04a508,0x00000000de100000)
  to   space 12800K, 0% used [0x00000000def00000,0x00000000def00000,0x00000000dfb80000)
 ParOldGen       total 68096K, used 11034K [0x0000000081800000, 0x0000000085a80000, 0x00000000d5d80000)
  object space 68096K, 16% used [0x0000000081800000,0x00000000822c6a90,0x0000000085a80000)
 Metaspace       used 34856K, capacity 35220K, committed 35496K, reserved 1081344K
  class space    used 4418K, capacity 4520K, committed 4608K, reserved 1048576K
Event: 8.052 GC heap after
Heap after GC invocations=11 (full 1):
 PSYoungGen      total 135168K, used 12796K [0x00000000d5d80000, 0x00000000dfb80000, 0x0000000100000000)
  eden space 122368K, 0% used [0x00000000d5d80000,0x00000000d5d80000,0x00000000dd500000)
  from space 12800K, 99% used [0x00000000def00000,0x00000000dfb7f030,0x00000000dfb80000)
  to   space 12288K, 0% used [0x00000000dd500000,0x00000000dd500000,0x00000000de100000)
 ParOldGen       total 68096K, used 11570K [0x0000000081800000, 0x0000000085a80000, 0x00000000d5d80000)
  object space 68096K, 16% used [0x0000000081800000,0x000000008234ca68,0x0000000085a80000)
 Metaspace       used 34856K, capacity 35220K, committed 35496K, reserved 1081344K
  class space    used 4418K, capacity 4520K, committed 4608K, reserved 1048576K
}
Event: 8.052 GC heap before
{Heap before GC invocations=12 (full 2):
 PSYoungGen      total 135168K, used 12796K [0x00000000d5d80000, 0x00000000dfb80000, 0x0000000100000000)
  eden space 122368K, 0% used [0x00000000d5d80000,0x00000000d5d80000,0x00000000dd500000)
  from space 12800K, 99% used [0x00000000def00000,0x00000000dfb7f030,0x00000000dfb80000)
  to   space 12288K, 0% used [0x00000000dd500000,0x00000000dd500000,0x00000000de100000)
 ParOldGen       total 68096K, used 11570K [0x0000000081800000, 0x0000000085a80000, 0x00000000d5d80000)
  object space 68096K, 16% used [0x0000000081800000,0x000000008234ca68,0x0000000085a80000)
 Metaspace       used 34856K, capacity 35220K, committed 35496K, reserved 1081344K
  class space    used 4418K, capacity 4520K, committed 4608K, reserved 1048576K
Event: 8.221 GC heap after
Heap after GC invocations=12 (full 2):
 PSYoungGen      total 135168K, used 0K [0x00000000d5d80000, 0x00000000dfb80000, 0x0000000100000000)
  eden space 122368K, 0% used [0x00000000d5d80000,0x00000000d5d80000,0x00000000dd500000)
  from space 12800K, 0% used [0x00000000def00000,0x00000000def00000,0x00000000dfb80000)
  to   space 12288K, 0% used [0x00000000dd500000,0x00000000dd500000,0x00000000de100000)
 ParOldGen       total 68096K, used 22683K [0x0000000081800000, 0x0000000085a80000, 0x00000000d5d80000)
  object space 68096K, 33% used [0x0000000081800000,0x0000000082e26cc0,0x0000000085a80000)
 Metaspace       used 34856K, capacity 35220K, committed 35496K, reserved 1081344K
  class space    used 4418K, capacity 4520K, committed 4608K, reserved 1048576K
}

